<?xml version="1.0" encoding="UTF-8"?>
<robot generator="Robot 5.0 (Python 3.9.10 on win32)" generated="20220408 08:26:17.013" rpa="false" schemaversion="3">
<suite id="s1" name="Book User Module" source="C:\Users\user\PycharmProjects\Harman_Robot_Framework\Tests\Book_management\FunctionalTestSuite\book_user_module.robot">
<test id="s1-t1" name="User Registration test" line="10">
<kw name="Open Browser" library="SeleniumLibrary">
<arg>${web_url}</arg>
<arg>chrome</arg>
<doc>Opens a new browser instance to the optional ``url``.</doc>
<msg timestamp="20220408 08:26:17.357" level="INFO">Opening browser 'chrome' to base url 'http://127.0.0.1:5000/'.</msg>
<status status="PASS" starttime="20220408 08:26:17.357" endtime="20220408 08:26:24.652"/>
</kw>
<kw name="Maximize Browser Window" library="SeleniumLibrary">
<doc>Maximizes current browser window.</doc>
<status status="PASS" starttime="20220408 08:26:24.652" endtime="20220408 08:26:24.777"/>
</kw>
<kw name="Sleep" library="BuiltIn">
<arg>1s</arg>
<doc>Pauses the test executed for the given time.</doc>
<msg timestamp="20220408 08:26:25.789" level="INFO">Slept 1 second</msg>
<status status="PASS" starttime="20220408 08:26:24.777" endtime="20220408 08:26:25.789"/>
</kw>
<kw name="Click Link" library="SeleniumLibrary">
<arg>xpath=//html/body/div/div/div/form/table/tbody/tr[7]/td[2]/a</arg>
<doc>Clicks a link identified by ``locator``.</doc>
<msg timestamp="20220408 08:26:25.789" level="INFO">Clicking link 'xpath=//html/body/div/div/div/form/table/tbody/tr[7]/td[2]/a'.</msg>
<status status="PASS" starttime="20220408 08:26:25.789" endtime="20220408 08:26:26.000"/>
</kw>
<kw name="Sleep" library="BuiltIn">
<arg>2s</arg>
<doc>Pauses the test executed for the given time.</doc>
<msg timestamp="20220408 08:26:28.005" level="INFO">Slept 2 seconds</msg>
<status status="PASS" starttime="20220408 08:26:26.002" endtime="20220408 08:26:28.005"/>
</kw>
<doc>Registration page</doc>
<tag>user</tag>
<status status="PASS" starttime="20220408 08:26:17.357" endtime="20220408 08:26:28.005"/>
</test>
<test id="s1-t2" name="User Login test" line="19">
<kw name="Input Text" library="SeleniumLibrary">
<arg>name:email</arg>
<arg>${email}</arg>
<doc>Types the given ``text`` into the text field identified by ``locator``.</doc>
<msg timestamp="20220408 08:26:28.005" level="INFO">Typing text 'pradeep@gmail.com' into text field 'name:email'.</msg>
<status status="PASS" starttime="20220408 08:26:28.005" endtime="20220408 08:26:28.219"/>
</kw>
<kw name="Sleep" library="BuiltIn">
<arg>1s</arg>
<doc>Pauses the test executed for the given time.</doc>
<msg timestamp="20220408 08:26:29.224" level="INFO">Slept 1 second</msg>
<status status="PASS" starttime="20220408 08:26:28.220" endtime="20220408 08:26:29.224"/>
</kw>
<kw name="Input Text" library="SeleniumLibrary">
<arg>name:password</arg>
<arg>${password}</arg>
<doc>Types the given ``text`` into the text field identified by ``locator``.</doc>
<msg timestamp="20220408 08:26:29.224" level="INFO">Typing text '12345' into text field 'name:password'.</msg>
<status status="PASS" starttime="20220408 08:26:29.224" endtime="20220408 08:26:29.330"/>
</kw>
<kw name="Sleep" library="BuiltIn">
<arg>1s</arg>
<doc>Pauses the test executed for the given time.</doc>
<msg timestamp="20220408 08:26:30.343" level="INFO">Slept 1 second</msg>
<status status="PASS" starttime="20220408 08:26:29.331" endtime="20220408 08:26:30.343"/>
</kw>
<kw name="Click Button" library="SeleniumLibrary">
<arg>xpath=//html/body/div/div/div/form/table/tbody/tr[3]/td[2]/button</arg>
<doc>Clicks the button identified by ``locator``.</doc>
<msg timestamp="20220408 08:26:30.343" level="INFO">Clicking button 'xpath=//html/body/div/div/div/form/table/tbody/tr[3]/td[2]/button'.</msg>
<status status="PASS" starttime="20220408 08:26:30.343" endtime="20220408 08:26:30.684"/>
</kw>
<kw name="Sleep" library="BuiltIn">
<arg>3s</arg>
<doc>Pauses the test executed for the given time.</doc>
<msg timestamp="20220408 08:26:33.686" level="INFO">Slept 3 seconds</msg>
<status status="PASS" starttime="20220408 08:26:30.684" endtime="20220408 08:26:33.686"/>
</kw>
<doc>Login page</doc>
<tag>user</tag>
<status status="PASS" starttime="20220408 08:26:28.005" endtime="20220408 08:26:33.687"/>
</test>
<test id="s1-t3" name="Search Book test" line="29">
<kw name="Click Link" library="SeleniumLibrary">
<arg>xpath=//html/body/nav/a[2]</arg>
<doc>Clicks a link identified by ``locator``.</doc>
<msg timestamp="20220408 08:26:33.689" level="INFO">Clicking link 'xpath=//html/body/nav/a[2]'.</msg>
<status status="PASS" starttime="20220408 08:26:33.689" endtime="20220408 08:26:33.810"/>
</kw>
<kw name="Sleep" library="BuiltIn">
<arg>1s</arg>
<doc>Pauses the test executed for the given time.</doc>
<msg timestamp="20220408 08:26:34.815" level="INFO">Slept 1 second</msg>
<status status="PASS" starttime="20220408 08:26:33.811" endtime="20220408 08:26:34.815"/>
</kw>
<kw name="Input Text" library="SeleniumLibrary">
<arg>name:name</arg>
<arg>KGF</arg>
<doc>Types the given ``text`` into the text field identified by ``locator``.</doc>
<msg timestamp="20220408 08:26:34.815" level="INFO">Typing text 'KGF' into text field 'name:name'.</msg>
<status status="PASS" starttime="20220408 08:26:34.815" endtime="20220408 08:26:34.948"/>
</kw>
<kw name="Sleep" library="BuiltIn">
<arg>1s</arg>
<doc>Pauses the test executed for the given time.</doc>
<msg timestamp="20220408 08:26:35.954" level="INFO">Slept 1 second</msg>
<status status="PASS" starttime="20220408 08:26:34.948" endtime="20220408 08:26:35.954"/>
</kw>
<kw name="Click Button" library="SeleniumLibrary">
<arg>xpath=//html/body/div/div/div/form/table[1]/tbody/tr[2]/td[2]/button</arg>
<doc>Clicks the button identified by ``locator``.</doc>
<msg timestamp="20220408 08:26:35.954" level="INFO">Clicking button 'xpath=//html/body/div/div/div/form/table[1]/tbody/tr[2]/td[2]/button'.</msg>
<status status="PASS" starttime="20220408 08:26:35.954" endtime="20220408 08:26:36.140"/>
</kw>
<kw name="Sleep" library="BuiltIn">
<arg>3s</arg>
<doc>Pauses the test executed for the given time.</doc>
<msg timestamp="20220408 08:26:39.143" level="INFO">Slept 3 seconds</msg>
<status status="PASS" starttime="20220408 08:26:36.141" endtime="20220408 08:26:39.144"/>
</kw>
<doc>Search page</doc>
<tag>user</tag>
<status status="PASS" starttime="20220408 08:26:33.688" endtime="20220408 08:26:39.144"/>
</test>
<test id="s1-t4" name="Logout test" line="39">
<kw name="Click Link" library="SeleniumLibrary">
<arg>xpath=//html/body/nav/a[3]</arg>
<doc>Clicks a link identified by ``locator``.</doc>
<msg timestamp="20220408 08:26:39.144" level="INFO">Clicking link 'xpath=//html/body/nav/a[3]'.</msg>
<status status="PASS" starttime="20220408 08:26:39.144" endtime="20220408 08:26:39.306"/>
</kw>
<kw name="Sleep" library="BuiltIn">
<arg>2s</arg>
<doc>Pauses the test executed for the given time.</doc>
<msg timestamp="20220408 08:26:41.314" level="INFO">Slept 2 seconds</msg>
<status status="PASS" starttime="20220408 08:26:39.307" endtime="20220408 08:26:41.314"/>
</kw>
<kw name="Close Browser" library="SeleniumLibrary">
<doc>Closes the current browser.</doc>
<status status="PASS" starttime="20220408 08:26:41.314" endtime="20220408 08:26:43.687"/>
</kw>
<doc>Logout page</doc>
<tag>user</tag>
<status status="PASS" starttime="20220408 08:26:39.144" endtime="20220408 08:26:43.687"/>
</test>
<status status="PASS" starttime="20220408 08:26:17.013" endtime="20220408 08:26:43.687"/>
</suite>
<statistics>
<total>
<stat pass="4" fail="0" skip="0">All Tests</stat>
</total>
<tag>
<stat pass="4" fail="0" skip="0">user</stat>
</tag>
<suite>
<stat pass="4" fail="0" skip="0" id="s1" name="Book User Module">Book User Module</stat>
</suite>
</statistics>
<errors>
</errors>
</robot>
