<?xml version="1.0" encoding="UTF-8"?>
<robot generator="Robot 5.0 (Python 3.9.10 on win32)" generated="20220409 18:19:18.156" rpa="false" schemaversion="3">
<suite id="s1" name="Hospital" source="C:\Users\user\PycharmProjects\Harman_Robot_Framework\Tests\Hospital_management\FunctionalTestSuite\hospital.robot">
<test id="s1-t1" name="Hospital login test" line="8">
<kw name="Open Browser" library="SeleniumLibrary">
<arg>http://127.0.0.1:5000</arg>
<arg>chrome</arg>
<doc>Opens a new browser instance to the optional ``url``.</doc>
<msg timestamp="20220409 18:19:20.797" level="INFO">Opening browser 'chrome' to base url 'http://127.0.0.1:5000'.</msg>
<status status="PASS" starttime="20220409 18:19:20.797" endtime="20220409 18:19:37.617"/>
</kw>
<kw name="Maximize Browser Window" library="SeleniumLibrary">
<doc>Maximizes current browser window.</doc>
<status status="PASS" starttime="20220409 18:19:37.618" endtime="20220409 18:19:37.767"/>
</kw>
<kw name="Sleep" library="BuiltIn">
<arg>2s</arg>
<doc>Pauses the test executed for the given time.</doc>
<msg timestamp="20220409 18:19:39.773" level="INFO">Slept 2 seconds</msg>
<status status="PASS" starttime="20220409 18:19:37.767" endtime="20220409 18:19:39.773"/>
</kw>
<kw name="Input Text" library="SeleniumLibrary">
<arg>name:username</arg>
<arg>${login_name}</arg>
<doc>Types the given ``text`` into the text field identified by ``locator``.</doc>
<msg timestamp="20220409 18:19:39.773" level="INFO">Typing text 'admin' into text field 'name:username'.</msg>
<status status="PASS" starttime="20220409 18:19:39.773" endtime="20220409 18:19:39.917"/>
</kw>
<kw name="Sleep" library="BuiltIn">
<arg>1s</arg>
<doc>Pauses the test executed for the given time.</doc>
<msg timestamp="20220409 18:19:40.921" level="INFO">Slept 1 second</msg>
<status status="PASS" starttime="20220409 18:19:39.918" endtime="20220409 18:19:40.921"/>
</kw>
<kw name="Input Password" library="SeleniumLibrary">
<arg>name:password</arg>
<arg>${login_password}</arg>
<doc>Types the given password into the text field identified by ``locator``.</doc>
<msg timestamp="20220409 18:19:40.921" level="INFO">Typing password into text field 'name:password'.</msg>
<msg timestamp="20220409 18:19:41.007" level="INFO">Temporally setting log level to: NONE</msg>
<msg timestamp="20220409 18:19:41.061" level="INFO">Log level changed from NONE to INFO.</msg>
<status status="PASS" starttime="20220409 18:19:40.921" endtime="20220409 18:19:41.061"/>
</kw>
<kw name="Click Button" library="SeleniumLibrary">
<arg>xpath=//html/body/div/div/div/form/table/tbody/tr[3]/td[2]/button</arg>
<doc>Clicks the button identified by ``locator``.</doc>
<msg timestamp="20220409 18:19:41.062" level="INFO">Clicking button 'xpath=//html/body/div/div/div/form/table/tbody/tr[3]/td[2]/button'.</msg>
<status status="PASS" starttime="20220409 18:19:41.062" endtime="20220409 18:19:41.863"/>
</kw>
<kw name="Sleep" library="BuiltIn">
<arg>3s</arg>
<doc>Pauses the test executed for the given time.</doc>
<msg timestamp="20220409 18:19:44.873" level="INFO">Slept 3 seconds</msg>
<status status="PASS" starttime="20220409 18:19:41.863" endtime="20220409 18:19:44.873"/>
</kw>
<doc>Login page</doc>
<tag>admin</tag>
<status status="PASS" starttime="20220409 18:19:20.797" endtime="20220409 18:19:44.873"/>
</test>
<test id="s1-t2" name="Registration tested" line="20">
<kw name="Input Text" library="SeleniumLibrary">
<arg>name:name</arg>
<arg>Tharun</arg>
<doc>Types the given ``text`` into the text field identified by ``locator``.</doc>
<msg timestamp="20220409 18:19:44.873" level="INFO">Typing text 'Tharun' into text field 'name:name'.</msg>
<status status="PASS" starttime="20220409 18:19:44.873" endtime="20220409 18:19:45.041"/>
</kw>
<kw name="Sleep" library="BuiltIn">
<arg>1s</arg>
<doc>Pauses the test executed for the given time.</doc>
<msg timestamp="20220409 18:19:46.054" level="INFO">Slept 1 second</msg>
<status status="PASS" starttime="20220409 18:19:45.042" endtime="20220409 18:19:46.054"/>
</kw>
<kw name="Input Text" library="SeleniumLibrary">
<arg>name:mobnumber</arg>
<arg>123456789</arg>
<doc>Types the given ``text`` into the text field identified by ``locator``.</doc>
<msg timestamp="20220409 18:19:46.054" level="INFO">Typing text '123456789' into text field 'name:mobnumber'.</msg>
<status status="PASS" starttime="20220409 18:19:46.054" endtime="20220409 18:19:46.212"/>
</kw>
<kw name="Sleep" library="BuiltIn">
<arg>1s</arg>
<doc>Pauses the test executed for the given time.</doc>
<msg timestamp="20220409 18:19:47.225" level="INFO">Slept 1 second</msg>
<status status="PASS" starttime="20220409 18:19:46.212" endtime="20220409 18:19:47.225"/>
</kw>
<kw name="Input Text" library="SeleniumLibrary">
<arg>name:age</arg>
<arg>20</arg>
<doc>Types the given ``text`` into the text field identified by ``locator``.</doc>
<msg timestamp="20220409 18:19:47.225" level="INFO">Typing text '20' into text field 'name:age'.</msg>
<status status="PASS" starttime="20220409 18:19:47.225" endtime="20220409 18:19:47.363"/>
</kw>
<kw name="Sleep" library="BuiltIn">
<arg>1s</arg>
<doc>Pauses the test executed for the given time.</doc>
<msg timestamp="20220409 18:19:48.382" level="INFO">Slept 1 second</msg>
<status status="PASS" starttime="20220409 18:19:47.363" endtime="20220409 18:19:48.382"/>
</kw>
<kw name="Input Text" library="SeleniumLibrary">
<arg>name:address</arg>
<arg>41 kg valasu post</arg>
<doc>Types the given ``text`` into the text field identified by ``locator``.</doc>
<msg timestamp="20220409 18:19:48.382" level="INFO">Typing text '41 kg valasu post' into text field 'name:address'.</msg>
<status status="PASS" starttime="20220409 18:19:48.382" endtime="20220409 18:19:48.564"/>
</kw>
<kw name="Sleep" library="BuiltIn">
<arg>1s</arg>
<doc>Pauses the test executed for the given time.</doc>
<msg timestamp="20220409 18:19:49.585" level="INFO">Slept 1 second</msg>
<status status="PASS" starttime="20220409 18:19:48.565" endtime="20220409 18:19:49.585"/>
</kw>
<kw name="Input Text" library="SeleniumLibrary">
<arg>name:dob</arg>
<arg>2/2/2002</arg>
<doc>Types the given ``text`` into the text field identified by ``locator``.</doc>
<msg timestamp="20220409 18:19:49.585" level="INFO">Typing text '2/2/2002' into text field 'name:dob'.</msg>
<status status="PASS" starttime="20220409 18:19:49.585" endtime="20220409 18:19:49.734"/>
</kw>
<kw name="Sleep" library="BuiltIn">
<arg>1s</arg>
<doc>Pauses the test executed for the given time.</doc>
<msg timestamp="20220409 18:19:50.736" level="INFO">Slept 1 second</msg>
<status status="PASS" starttime="20220409 18:19:49.735" endtime="20220409 18:19:50.736"/>
</kw>
<kw name="Input Text" library="SeleniumLibrary">
<arg>name:place</arg>
<arg>Erode</arg>
<doc>Types the given ``text`` into the text field identified by ``locator``.</doc>
<msg timestamp="20220409 18:19:50.736" level="INFO">Typing text 'Erode' into text field 'name:place'.</msg>
<status status="PASS" starttime="20220409 18:19:50.736" endtime="20220409 18:19:50.874"/>
</kw>
<kw name="Sleep" library="BuiltIn">
<arg>1s</arg>
<doc>Pauses the test executed for the given time.</doc>
<msg timestamp="20220409 18:19:51.892" level="INFO">Slept 1 second</msg>
<status status="PASS" starttime="20220409 18:19:50.874" endtime="20220409 18:19:51.892"/>
</kw>
<kw name="Input Text" library="SeleniumLibrary">
<arg>name:pincode</arg>
<arg>638050</arg>
<doc>Types the given ``text`` into the text field identified by ``locator``.</doc>
<msg timestamp="20220409 18:19:51.892" level="INFO">Typing text '638050' into text field 'name:pincode'.</msg>
<status status="PASS" starttime="20220409 18:19:51.892" endtime="20220409 18:19:52.041"/>
</kw>
<kw name="Sleep" library="BuiltIn">
<arg>1s</arg>
<doc>Pauses the test executed for the given time.</doc>
<msg timestamp="20220409 18:19:53.058" level="INFO">Slept 1 second</msg>
<status status="PASS" starttime="20220409 18:19:52.042" endtime="20220409 18:19:53.058"/>
</kw>
<kw name="Click Button" library="SeleniumLibrary">
<arg>xpath=//html/body/div/div/div/form/table/tbody/tr[8]/td[2]/button</arg>
<doc>Clicks the button identified by ``locator``.</doc>
<msg timestamp="20220409 18:19:53.058" level="INFO">Clicking button 'xpath=//html/body/div/div/div/form/table/tbody/tr[8]/td[2]/button'.</msg>
<status status="PASS" starttime="20220409 18:19:53.058" endtime="20220409 18:19:53.519"/>
</kw>
<kw name="Sleep" library="BuiltIn">
<arg>2s</arg>
<doc>Pauses the test executed for the given time.</doc>
<msg timestamp="20220409 18:19:55.535" level="INFO">Slept 2 seconds</msg>
<status status="PASS" starttime="20220409 18:19:53.520" endtime="20220409 18:19:55.535"/>
</kw>
<doc>Registration</doc>
<tag>admin</tag>
<status status="PASS" starttime="20220409 18:19:44.873" endtime="20220409 18:19:55.535"/>
</test>
<test id="s1-t3" name="Search Patient test" line="40">
<kw name="Click Link" library="SeleniumLibrary">
<arg>xpath=//html/body/nav/div/div/ul/li[1]/a</arg>
<doc>Clicks a link identified by ``locator``.</doc>
<msg timestamp="20220409 18:19:55.535" level="INFO">Clicking link 'xpath=//html/body/nav/div/div/ul/li[1]/a'.</msg>
<status status="PASS" starttime="20220409 18:19:55.535" endtime="20220409 18:19:55.767"/>
</kw>
<kw name="Sleep" library="BuiltIn">
<arg>3s</arg>
<doc>Pauses the test executed for the given time.</doc>
<msg timestamp="20220409 18:19:58.782" level="INFO">Slept 3 seconds</msg>
<status status="PASS" starttime="20220409 18:19:55.768" endtime="20220409 18:19:58.782"/>
</kw>
<kw name="Input Text" library="SeleniumLibrary">
<arg>name:mobnumber</arg>
<arg>123456789</arg>
<doc>Types the given ``text`` into the text field identified by ``locator``.</doc>
<msg timestamp="20220409 18:19:58.782" level="INFO">Typing text '123456789' into text field 'name:mobnumber'.</msg>
<status status="PASS" starttime="20220409 18:19:58.782" endtime="20220409 18:19:58.942"/>
</kw>
<kw name="Sleep" library="BuiltIn">
<arg>2s</arg>
<doc>Pauses the test executed for the given time.</doc>
<msg timestamp="20220409 18:20:00.949" level="INFO">Slept 2 seconds</msg>
<status status="PASS" starttime="20220409 18:19:58.942" endtime="20220409 18:20:00.949"/>
</kw>
<kw name="Click Button" library="SeleniumLibrary">
<arg>xpath=//html/body/div/div/div/form/table[1]/tbody/tr[2]/td[2]/button</arg>
<doc>Clicks the button identified by ``locator``.</doc>
<msg timestamp="20220409 18:20:00.949" level="INFO">Clicking button 'xpath=//html/body/div/div/div/form/table[1]/tbody/tr[2]/td[2]/button'.</msg>
<status status="PASS" starttime="20220409 18:20:00.949" endtime="20220409 18:20:01.137"/>
</kw>
<kw name="Sleep" library="BuiltIn">
<arg>5s</arg>
<doc>Pauses the test executed for the given time.</doc>
<msg timestamp="20220409 18:20:06.148" level="INFO">Slept 5 seconds</msg>
<status status="PASS" starttime="20220409 18:20:01.137" endtime="20220409 18:20:06.148"/>
</kw>
<doc>Search Patient</doc>
<tag>admin</tag>
<status status="PASS" starttime="20220409 18:19:55.535" endtime="20220409 18:20:06.148"/>
</test>
<test id="s1-t4" name="Viewall Patient test" line="50">
<kw name="Click Link" library="SeleniumLibrary">
<arg>xpath=//html/body/nav/div/div/ul/li[4]/a</arg>
<doc>Clicks a link identified by ``locator``.</doc>
<msg timestamp="20220409 18:20:06.148" level="INFO">Clicking link 'xpath=//html/body/nav/div/div/ul/li[4]/a'.</msg>
<status status="PASS" starttime="20220409 18:20:06.148" endtime="20220409 18:20:06.402"/>
</kw>
<kw name="Sleep" library="BuiltIn">
<arg>5s</arg>
<doc>Pauses the test executed for the given time.</doc>
<msg timestamp="20220409 18:20:11.410" level="INFO">Slept 5 seconds</msg>
<status status="PASS" starttime="20220409 18:20:06.403" endtime="20220409 18:20:11.410"/>
</kw>
<doc>Viewall Patient</doc>
<tag>admin</tag>
<status status="PASS" starttime="20220409 18:20:06.148" endtime="20220409 18:20:11.410"/>
</test>
<test id="s1-t5" name="Update Patient test" line="56">
<kw name="Click Link" library="SeleniumLibrary">
<arg>xpath=//html/body/nav/div/div/ul/li[2]/a</arg>
<doc>Clicks a link identified by ``locator``.</doc>
<msg timestamp="20220409 18:20:11.410" level="INFO">Clicking link 'xpath=//html/body/nav/div/div/ul/li[2]/a'.</msg>
<status status="PASS" starttime="20220409 18:20:11.410" endtime="20220409 18:20:11.605"/>
</kw>
<kw name="Sleep" library="BuiltIn">
<arg>1s</arg>
<doc>Pauses the test executed for the given time.</doc>
<msg timestamp="20220409 18:20:12.607" level="INFO">Slept 1 second</msg>
<status status="PASS" starttime="20220409 18:20:11.606" endtime="20220409 18:20:12.607"/>
</kw>
<kw name="Input Text" library="SeleniumLibrary">
<arg>name:mobnumber</arg>
<arg>123456789</arg>
<doc>Types the given ``text`` into the text field identified by ``locator``.</doc>
<msg timestamp="20220409 18:20:12.610" level="INFO">Typing text '123456789' into text field 'name:mobnumber'.</msg>
<status status="PASS" starttime="20220409 18:20:12.609" endtime="20220409 18:20:12.814"/>
</kw>
<kw name="Sleep" library="BuiltIn">
<arg>1s</arg>
<doc>Pauses the test executed for the given time.</doc>
<msg timestamp="20220409 18:20:13.816" level="INFO">Slept 1 second</msg>
<status status="PASS" starttime="20220409 18:20:12.815" endtime="20220409 18:20:13.816"/>
</kw>
<kw name="Click Button" library="SeleniumLibrary">
<arg>xpath=//html/body/div/div/div/form[1]/table/tbody/tr[2]/td[2]/button</arg>
<doc>Clicks the button identified by ``locator``.</doc>
<msg timestamp="20220409 18:20:13.816" level="INFO">Clicking button 'xpath=//html/body/div/div/div/form[1]/table/tbody/tr[2]/td[2]/button'.</msg>
<status status="PASS" starttime="20220409 18:20:13.816" endtime="20220409 18:20:14.076"/>
</kw>
<kw name="Sleep" library="BuiltIn">
<arg>1s</arg>
<doc>Pauses the test executed for the given time.</doc>
<msg timestamp="20220409 18:20:15.089" level="INFO">Slept 1 second</msg>
<status status="PASS" starttime="20220409 18:20:14.078" endtime="20220409 18:20:15.089"/>
</kw>
<kw name="Input Text" library="SeleniumLibrary">
<arg>name:name</arg>
<arg>tharun prasath</arg>
<doc>Types the given ``text`` into the text field identified by ``locator``.</doc>
<msg timestamp="20220409 18:20:15.089" level="INFO">Typing text 'tharun prasath' into text field 'name:name'.</msg>
<status status="PASS" starttime="20220409 18:20:15.089" endtime="20220409 18:20:15.310"/>
</kw>
<kw name="Sleep" library="BuiltIn">
<arg>1s</arg>
<doc>Pauses the test executed for the given time.</doc>
<msg timestamp="20220409 18:20:16.322" level="INFO">Slept 1 second</msg>
<status status="PASS" starttime="20220409 18:20:15.310" endtime="20220409 18:20:16.322"/>
</kw>
<kw name="Click Button" library="SeleniumLibrary">
<arg>xpath=//html/body/div/div/div/form[2]/table/tbody/tr[8]/td[2]/button</arg>
<doc>Clicks the button identified by ``locator``.</doc>
<msg timestamp="20220409 18:20:16.322" level="INFO">Clicking button 'xpath=//html/body/div/div/div/form[2]/table/tbody/tr[8]/td[2]/button'.</msg>
<status status="PASS" starttime="20220409 18:20:16.322" endtime="20220409 18:20:16.976"/>
</kw>
<kw name="Sleep" library="BuiltIn">
<arg>3s</arg>
<doc>Pauses the test executed for the given time.</doc>
<msg timestamp="20220409 18:20:19.978" level="INFO">Slept 3 seconds</msg>
<status status="PASS" starttime="20220409 18:20:16.976" endtime="20220409 18:20:19.978"/>
</kw>
<doc>Update Patient</doc>
<tag>admin</tag>
<status status="PASS" starttime="20220409 18:20:11.410" endtime="20220409 18:20:19.980"/>
</test>
<test id="s1-t6" name="Delete Patient test" line="70">
<kw name="Click Link" library="SeleniumLibrary">
<arg>xpath=//html/body/nav/div/div/ul/li[3]/a</arg>
<doc>Clicks a link identified by ``locator``.</doc>
<msg timestamp="20220409 18:20:19.989" level="INFO">Clicking link 'xpath=//html/body/nav/div/div/ul/li[3]/a'.</msg>
<status status="PASS" starttime="20220409 18:20:19.988" endtime="20220409 18:20:20.144"/>
</kw>
<kw name="Sleep" library="BuiltIn">
<arg>2s</arg>
<doc>Pauses the test executed for the given time.</doc>
<msg timestamp="20220409 18:20:22.156" level="INFO">Slept 2 seconds</msg>
<status status="PASS" starttime="20220409 18:20:20.145" endtime="20220409 18:20:22.156"/>
</kw>
<kw name="Input Text" library="SeleniumLibrary">
<arg>name:mobnumber</arg>
<arg>123456789</arg>
<doc>Types the given ``text`` into the text field identified by ``locator``.</doc>
<msg timestamp="20220409 18:20:22.156" level="INFO">Typing text '123456789' into text field 'name:mobnumber'.</msg>
<status status="PASS" starttime="20220409 18:20:22.156" endtime="20220409 18:20:22.319"/>
</kw>
<kw name="Click Button" library="SeleniumLibrary">
<arg>xpath=//html/body/div/div/div/form/table/tbody/tr[2]/td[2]/button</arg>
<doc>Clicks the button identified by ``locator``.</doc>
<msg timestamp="20220409 18:20:22.320" level="INFO">Clicking button 'xpath=//html/body/div/div/div/form/table/tbody/tr[2]/td[2]/button'.</msg>
<status status="PASS" starttime="20220409 18:20:22.319" endtime="20220409 18:20:22.752"/>
</kw>
<kw name="Sleep" library="BuiltIn">
<arg>2s</arg>
<doc>Pauses the test executed for the given time.</doc>
<msg timestamp="20220409 18:20:24.765" level="INFO">Slept 2 seconds</msg>
<status status="PASS" starttime="20220409 18:20:22.753" endtime="20220409 18:20:24.765"/>
</kw>
<kw name="Click Link" library="SeleniumLibrary">
<arg>xpath=//html/body/nav/div/div/ul/li[4]/a</arg>
<doc>Clicks a link identified by ``locator``.</doc>
<msg timestamp="20220409 18:20:24.765" level="INFO">Clicking link 'xpath=//html/body/nav/div/div/ul/li[4]/a'.</msg>
<status status="PASS" starttime="20220409 18:20:24.765" endtime="20220409 18:20:24.945"/>
</kw>
<kw name="Sleep" library="BuiltIn">
<arg>5s</arg>
<doc>Pauses the test executed for the given time.</doc>
<msg timestamp="20220409 18:20:29.952" level="INFO">Slept 5 seconds</msg>
<status status="PASS" starttime="20220409 18:20:24.945" endtime="20220409 18:20:29.952"/>
</kw>
<kw name="Close Browser" library="SeleniumLibrary">
<doc>Closes the current browser.</doc>
<status status="PASS" starttime="20220409 18:20:29.952" endtime="20220409 18:20:40.920"/>
</kw>
<doc>Delete Patient</doc>
<tag>admin</tag>
<status status="PASS" starttime="20220409 18:20:19.984" endtime="20220409 18:20:40.920"/>
</test>
<status status="PASS" starttime="20220409 18:19:18.257" endtime="20220409 18:20:40.920"/>
</suite>
<statistics>
<total>
<stat pass="6" fail="0" skip="0">All Tests</stat>
</total>
<tag>
<stat pass="6" fail="0" skip="0">admin</stat>
</tag>
<suite>
<stat pass="6" fail="0" skip="0" id="s1" name="Hospital">Hospital</stat>
</suite>
</statistics>
<errors>
</errors>
</robot>
