<?xml version="1.0" encoding="UTF-8"?>
<robot generator="Robot 5.0 (Python 3.9.10 on win32)" generated="20220407 16:22:02.411" rpa="false" schemaversion="3">
<suite id="s1" name="Flipkart App" source="C:\Users\user\PycharmProjects\Harman_Robot_Framework\Tests\Flipkart\FunctionalTestSuite\flipkart_app.robot">
<test id="s1-t1" name="google test" line="11">
<kw name="Open Browser" library="SeleniumLibrary">
<arg>${web_url}</arg>
<arg>chrome</arg>
<doc>Opens a new browser instance to the optional ``url``.</doc>
<msg timestamp="20220407 16:22:04.081" level="INFO">Opening browser 'chrome' to base url 'https://www.google.com/'.</msg>
<status status="PASS" starttime="20220407 16:22:04.080" endtime="20220407 16:22:14.267"/>
</kw>
<kw name="Maximize Browser Window" library="SeleniumLibrary">
<doc>Maximizes current browser window.</doc>
<status status="PASS" starttime="20220407 16:22:14.267" endtime="20220407 16:22:14.398"/>
</kw>
<kw name="Input Text" library="SeleniumLibrary">
<arg>name:q</arg>
<arg>${search_web}</arg>
<doc>Types the given ``text`` into the text field identified by ``locator``.</doc>
<msg timestamp="20220407 16:22:14.399" level="INFO">Typing text 'FlipKart' into text field 'name:q'.</msg>
<status status="PASS" starttime="20220407 16:22:14.398" endtime="20220407 16:22:14.554"/>
</kw>
<kw name="Submit Form" library="SeleniumLibrary">
<doc>Submits a form identified by ``locator``.</doc>
<msg timestamp="20220407 16:22:14.555" level="INFO">Submitting form 'None'.</msg>
<status status="PASS" starttime="20220407 16:22:14.554" endtime="20220407 16:22:19.635"/>
</kw>
<kw name="Click Element" library="SeleniumLibrary">
<arg>class:LC20lb</arg>
<doc>Click the element identified by ``locator``.</doc>
<msg timestamp="20220407 16:22:19.639" level="INFO">Clicking element 'class:LC20lb'.</msg>
<status status="PASS" starttime="20220407 16:22:19.636" endtime="20220407 16:22:26.930"/>
</kw>
<doc>open google</doc>
<tag>internet</tag>
<status status="PASS" starttime="20220407 16:22:04.078" endtime="20220407 16:22:26.932"/>
</test>
<test id="s1-t2" name="Flipkart Search Test" line="20">
<kw name="Click Button" library="SeleniumLibrary">
<arg>class:_2KpZ6l</arg>
<doc>Clicks the button identified by ``locator``.</doc>
<msg timestamp="20220407 16:22:26.938" level="INFO">Clicking button 'class:_2KpZ6l'.</msg>
<status status="PASS" starttime="20220407 16:22:26.937" endtime="20220407 16:22:27.117"/>
</kw>
<kw name="Input Text" library="SeleniumLibrary">
<arg>name:q</arg>
<arg>Iphone</arg>
<doc>Types the given ``text`` into the text field identified by ``locator``.</doc>
<msg timestamp="20220407 16:22:27.121" level="INFO">Typing text 'Iphone' into text field 'name:q'.</msg>
<status status="PASS" starttime="20220407 16:22:27.121" endtime="20220407 16:22:27.327"/>
</kw>
<kw name="Click Button" library="SeleniumLibrary">
<arg>class:L0Z3Pu</arg>
<doc>Clicks the button identified by ``locator``.</doc>
<msg timestamp="20220407 16:22:27.329" level="INFO">Clicking button 'class:L0Z3Pu'.</msg>
<status status="PASS" starttime="20220407 16:22:27.328" endtime="20220407 16:22:27.477"/>
</kw>
<kw name="Sleep" library="BuiltIn">
<arg>4s</arg>
<doc>Pauses the test executed for the given time.</doc>
<msg timestamp="20220407 16:22:31.481" level="INFO">Slept 4 seconds</msg>
<status status="PASS" starttime="20220407 16:22:27.479" endtime="20220407 16:22:31.481"/>
</kw>
<status status="PASS" starttime="20220407 16:22:26.935" endtime="20220407 16:22:31.483"/>
</test>
<test id="s1-t3" name="By Product" line="26">
<kw name="Click Element" library="SeleniumLibrary">
<arg>xpath=//html/body/div/div/div[3]/div[1]/div[2]/div[3]/div/div/div/a/div[2]/div[1]/div[1]</arg>
<doc>Click the element identified by ``locator``.</doc>
<msg timestamp="20220407 16:22:31.492" level="INFO">Clicking element 'xpath=//html/body/div/div/div[3]/div[1]/div[2]/div[3]/div/div/div/a/div[2]/div[1]/div[1]'.</msg>
<status status="PASS" starttime="20220407 16:22:31.490" endtime="20220407 16:22:31.654"/>
</kw>
<kw name="Sleep" library="BuiltIn">
<arg>3s</arg>
<doc>Pauses the test executed for the given time.</doc>
<msg timestamp="20220407 16:22:34.658" level="INFO">Slept 3 seconds</msg>
<status status="PASS" starttime="20220407 16:22:31.655" endtime="20220407 16:22:34.658"/>
</kw>
<kw name="Switch Window" library="SeleniumLibrary">
<arg>title:APPLE iPhone 13 ( 128 GB GB Storage, 0 GB RAM ) Online at Best Price On Flipkart.com</arg>
<doc>Switches to browser window matching ``locator``.</doc>
<status status="PASS" starttime="20220407 16:22:34.658" endtime="20220407 16:22:36.766"/>
</kw>
<kw name="Sleep" library="BuiltIn">
<arg>3s</arg>
<doc>Pauses the test executed for the given time.</doc>
<msg timestamp="20220407 16:22:39.768" level="INFO">Slept 3 seconds</msg>
<status status="PASS" starttime="20220407 16:22:36.767" endtime="20220407 16:22:39.768"/>
</kw>
<kw name="Click Button" library="SeleniumLibrary">
<arg>xpath=//html/body/div[1]/div/div[3]/div[1]/div[1]/div[2]/div/ul/li[2]/form/button</arg>
<doc>Clicks the button identified by ``locator``.</doc>
<msg timestamp="20220407 16:22:39.770" level="INFO">Clicking button 'xpath=//html/body/div[1]/div/div[3]/div[1]/div[1]/div[2]/div/ul/li[2]/form/button'.</msg>
<status status="PASS" starttime="20220407 16:22:39.770" endtime="20220407 16:22:39.975"/>
</kw>
<kw name="Sleep" library="BuiltIn">
<arg>8s</arg>
<doc>Pauses the test executed for the given time.</doc>
<msg timestamp="20220407 16:22:47.977" level="INFO">Slept 8 seconds</msg>
<status status="PASS" starttime="20220407 16:22:39.976" endtime="20220407 16:22:47.977"/>
</kw>
<kw name="Input Text" library="SeleniumLibrary">
<arg>xpath=//html/body/div[1]/div/div[2]/div/div[1]/div[1]/div/div/div/div/div[1]/div/form/div[1]/input</arg>
<arg>${Email}</arg>
<doc>Types the given ``text`` into the text field identified by ``locator``.</doc>
<msg timestamp="20220407 16:22:47.978" level="INFO">Typing text 'pradeep@gmail.com' into text field 'xpath=//html/body/div[1]/div/div[2]/div/div[1]/div[1]/div/div/div/div/div[1]/div/form/div[1]/input'.</msg>
<status status="PASS" starttime="20220407 16:22:47.977" endtime="20220407 16:22:56.983"/>
</kw>
<kw name="Sleep" library="BuiltIn">
<arg>3s</arg>
<doc>Pauses the test executed for the given time.</doc>
<msg timestamp="20220407 16:22:59.986" level="INFO">Slept 3 seconds</msg>
<status status="PASS" starttime="20220407 16:22:56.985" endtime="20220407 16:22:59.986"/>
</kw>
<kw name="Click Button" library="SeleniumLibrary">
<arg>xpath=//html/body/div[1]/div/div[2]/div/div[1]/div[1]/div/div/div/div/div[1]/div/form/div[3]/button</arg>
<doc>Clicks the button identified by ``locator``.</doc>
<msg timestamp="20220407 16:22:59.987" level="INFO">Clicking button 'xpath=//html/body/div[1]/div/div[2]/div/div[1]/div[1]/div/div/div/div/div[1]/div/form/div[3]/button'.</msg>
<status status="PASS" starttime="20220407 16:22:59.987" endtime="20220407 16:23:00.092"/>
</kw>
<kw name="Sleep" library="BuiltIn">
<arg>2s</arg>
<doc>Pauses the test executed for the given time.</doc>
<msg timestamp="20220407 16:23:02.098" level="INFO">Slept 2 seconds</msg>
<status status="PASS" starttime="20220407 16:23:00.096" endtime="20220407 16:23:02.098"/>
</kw>
<kw name="Input Text" library="SeleniumLibrary">
<arg>xpath=//html/body/div[1]/div/div[2]/div/div[1]/div[1]/div/div/div/div/div[1]/div/form/div[2]/input</arg>
<arg>${password}</arg>
<doc>Types the given ``text`` into the text field identified by ``locator``.</doc>
<msg timestamp="20220407 16:23:02.100" level="INFO">Typing text '12345' into text field 'xpath=//html/body/div[1]/div/div[2]/div/div[1]/div[1]/div/div/div/div/div[1]/div/form/div[2]/input'.</msg>
<status status="PASS" starttime="20220407 16:23:02.099" endtime="20220407 16:23:02.207"/>
</kw>
<kw name="Sleep" library="BuiltIn">
<arg>2s</arg>
<doc>Pauses the test executed for the given time.</doc>
<msg timestamp="20220407 16:23:04.209" level="INFO">Slept 2 seconds</msg>
<status status="PASS" starttime="20220407 16:23:02.208" endtime="20220407 16:23:04.209"/>
</kw>
<kw name="Click Button" library="SeleniumLibrary">
<arg>xpath=//html/body/div[1]/div/div[2]/div/div[1]/div[1]/div/div/div/div/div[1]/div/form/div[4]/button</arg>
<doc>Clicks the button identified by ``locator``.</doc>
<msg timestamp="20220407 16:23:04.211" level="INFO">Clicking button 'xpath=//html/body/div[1]/div/div[2]/div/div[1]/div[1]/div/div/div/div/div[1]/div/form/div[4]/button'.</msg>
<status status="PASS" starttime="20220407 16:23:04.210" endtime="20220407 16:23:04.301"/>
</kw>
<kw name="Sleep" library="BuiltIn">
<arg>4s</arg>
<doc>Pauses the test executed for the given time.</doc>
<msg timestamp="20220407 16:23:08.303" level="INFO">Slept 4 seconds</msg>
<status status="PASS" starttime="20220407 16:23:04.301" endtime="20220407 16:23:08.303"/>
</kw>
<kw name="Close Browser" library="SeleniumLibrary">
<doc>Closes the current browser.</doc>
<status status="PASS" starttime="20220407 16:23:08.303" endtime="20220407 16:23:13.704"/>
</kw>
<status status="PASS" starttime="20220407 16:22:31.487" endtime="20220407 16:23:13.705"/>
</test>
<status status="PASS" starttime="20220407 16:22:02.416" endtime="20220407 16:23:13.711"/>
</suite>
<statistics>
<total>
<stat pass="3" fail="0" skip="0">All Tests</stat>
</total>
<tag>
<stat pass="1" fail="0" skip="0">internet</stat>
</tag>
<suite>
<stat pass="3" fail="0" skip="0" id="s1" name="Flipkart App">Flipkart App</stat>
</suite>
</statistics>
<errors>
</errors>
</robot>
