<?xml version="1.0" encoding="UTF-8"?>
<robot generator="Robot 5.0 (Python 3.9.10 on win32)" generated="20220407 09:39:16.541" rpa="false" schemaversion="3">
<suite id="s1" name="Login" source="C:\Users\user\PycharmProjects\Harman_Robot_Framework\Tests\Facebook\FunctionalTestSuite\login.robot">
<test id="s1-t1" name="log screen test" line="6">
<kw name="Log" library="BuiltIn">
<arg>hello</arg>
<doc>Logs the given message with the given level.</doc>
<msg timestamp="20220407 09:39:17.067" level="INFO">hello</msg>
<status status="PASS" starttime="20220407 09:39:17.067" endtime="20220407 09:39:17.068"/>
</kw>
<doc>this is login screen</doc>
<tag>user</tag>
<status status="PASS" starttime="20220407 09:39:17.065" endtime="20220407 09:39:17.068"/>
</test>
<test id="s1-t2" name="registration screen test" line="11">
<kw name="Log" library="BuiltIn">
<arg>success</arg>
<doc>Logs the given message with the given level.</doc>
<msg timestamp="20220407 09:39:17.105" level="INFO">success</msg>
<status status="PASS" starttime="20220407 09:39:17.105" endtime="20220407 09:39:17.105"/>
</kw>
<doc>this is registration screen</doc>
<tag>user</tag>
<status status="PASS" starttime="20220407 09:39:17.103" endtime="20220407 09:39:17.105"/>
</test>
<test id="s1-t3" name="admin login test" line="16">
<kw name="Log" library="BuiltIn">
<arg>admin</arg>
<doc>Logs the given message with the given level.</doc>
<msg timestamp="20220407 09:39:17.108" level="INFO">admin</msg>
<status status="PASS" starttime="20220407 09:39:17.108" endtime="20220407 09:39:17.108"/>
</kw>
<doc>this is Admin screen</doc>
<tag>admin</tag>
<status status="PASS" starttime="20220407 09:39:17.107" endtime="20220407 09:39:17.109"/>
</test>
<status status="PASS" starttime="20220407 09:39:16.546" endtime="20220407 09:39:17.110"/>
</suite>
<statistics>
<total>
<stat pass="3" fail="0" skip="0">All Tests</stat>
</total>
<tag>
<stat pass="1" fail="0" skip="0">admin</stat>
<stat pass="2" fail="0" skip="0">user</stat>
</tag>
<suite>
<stat pass="3" fail="0" skip="0" id="s1" name="Login">Login</stat>
</suite>
</statistics>
<errors>
</errors>
</robot>
